{
  "RSpec": {
    "coverage": {
      "/Users/kevinmccarthy/Google Drive/Coding/cinemascrAPI/spec/rails_helper.rb": [
        null,
        1,
        1,
        null,
        1,
        1,
        1,
        1,
        1,
        null,
        null,
        null,
        null,
        null,
        null,
        null,
        null,
        null,
        null,
        null,
        null,
        null,
        null,
        null,
        null,
        null,
        null,
        null,
        null,
        null,
        null,
        1,
        null,
        1,
        null,
        null,
        null,
        null,
        1,
        null,
        null,
        null,
        null,
        null,
        null,
        null,
        null,
        null,
        null,
        null,
        null,
        null,
        null,
        1,
        null,
        null,
        1,
        null,
        null,
        null
      ],
      "/Users/kevinmccarthy/Google Drive/Coding/cinemascrAPI/config/environment.rb": [
        null,
        1,
        null,
        null,
        1
      ],
      "/Users/kevinmccarthy/Google Drive/Coding/cinemascrAPI/config/application.rb": [
        1,
        null,
        1,
        null,
        null,
        null,
        1,
        null,
        1,
        1,
        null,
        null,
        null,
        null,
        null,
        null,
        null,
        null,
        null,
        null,
        null,
        null,
        null,
        1,
        null,
        null
      ],
      "/Users/kevinmccarthy/Google Drive/Coding/cinemascrAPI/config/boot.rb": [
        1,
        null,
        1
      ],
      "/Users/kevinmccarthy/Google Drive/Coding/cinemascrAPI/config/environments/test.rb": [
        1,
        null,
        null,
        null,
        null,
        null,
        null,
        1,
        null,
        null,
        null,
        null,
        1,
        null,
        null,
        1,
        1,
        null,
        null,
        1,
        1,
        null,
        null,
        1,
        null,
        null,
        1,
        null,
        null,
        null,
        null,
        1,
        null,
        null,
        1,
        null,
        null,
        1,
        null,
        null,
        null,
        null
      ],
      "/Users/kevinmccarthy/Google Drive/Coding/cinemascrAPI/config/initializers/assets.rb": [
        null,
        null,
        null,
        1,
        null,
        null,
        null,
        null,
        null,
        null,
        null
      ],
      "/Users/kevinmccarthy/Google Drive/Coding/cinemascrAPI/config/initializers/backtrace_silencers.rb": [
        null,
        null,
        null,
        null,
        null,
        null,
        null
      ],
      "/Users/kevinmccarthy/Google Drive/Coding/cinemascrAPI/config/initializers/cookies_serializer.rb": [
        null,
        null,
        1
      ],
      "/Users/kevinmccarthy/Google Drive/Coding/cinemascrAPI/config/initializers/filter_parameter_logging.rb": [
        null,
        null,
        null,
        1
      ],
      "/Users/kevinmccarthy/Google Drive/Coding/cinemascrAPI/config/initializers/inflections.rb": [
        null,
        null,
        null,
        null,
        null,
        null,
        null,
        null,
        null,
        null,
        null,
        null,
        null,
        null,
        null,
        null
      ],
      "/Users/kevinmccarthy/Google Drive/Coding/cinemascrAPI/config/initializers/mime_types.rb": [
        null,
        null,
        null,
        null
      ],
      "/Users/kevinmccarthy/Google Drive/Coding/cinemascrAPI/config/initializers/session_store.rb": [
        null,
        null,
        1
      ],
      "/Users/kevinmccarthy/Google Drive/Coding/cinemascrAPI/config/initializers/wrap_parameters.rb": [
        null,
        null,
        null,
        null,
        null,
        null,
        1,
        1,
        null,
        null,
        null,
        null,
        null,
        null
      ],
      "/Users/kevinmccarthy/Google Drive/Coding/cinemascrAPI/config/routes.rb": [
        1,
        null,
        null,
        1,
        1,
        1,
        1,
        null,
        null,
        null,
        null,
        null,
        null,
        null,
        null,
        null,
        null,
        null,
        null,
        null,
        null,
        null,
        null,
        null,
        null,
        null,
        null,
        null,
        null,
        null,
        null,
        null,
        null,
        null,
        null,
        null,
        null,
        null,
        null,
        null,
        null,
        null,
        null,
        null,
        null,
        null,
        null,
        null,
        null,
        null,
        null,
        null,
        null,
        null,
        null,
        null,
        null,
        null,
        null,
        null,
        null,
        null,
        null,
        null,
        null
      ],
      "/Users/kevinmccarthy/Google Drive/Coding/cinemascrAPI/spec/api_helper.rb": [
        1,
        0,
        0,
        null
      ],
      "/Users/kevinmccarthy/Google Drive/Coding/cinemascrAPI/app/helpers/api/v1/cinemas_helper.rb": [
        1,
        null
      ],
      "/Users/kevinmccarthy/Google Drive/Coding/cinemascrAPI/app/helpers/application_helper.rb": [
        1,
        null
      ],
      "/Users/kevinmccarthy/Google Drive/Coding/cinemascrAPI/spec/controllers/api/v1/cinemas_controller_spec.rb": [
        1,
        null,
        1,
        null,
        1,
        1,
        1,
        1,
        null,
        null,
        null,
        1,
        1,
        1,
        1,
        1,
        1,
        null,
        null,
        null,
        null
      ],
      "/Users/kevinmccarthy/Google Drive/Coding/cinemascrAPI/app/controllers/api/v1/cinemas_controller.rb": [
        1,
        null,
        1,
        1,
        null,
        null,
        1,
        1,
        1,
        1,
        1,
        null,
        null,
        null
      ],
      "/Users/kevinmccarthy/Google Drive/Coding/cinemascrAPI/app/controllers/application_controller.rb": [
        1,
        null,
        null,
        1,
        null
      ],
      "/Users/kevinmccarthy/Google Drive/Coding/cinemascrAPI/spec/helpers/api/v1/cinemas_helper_spec.rb": [
        1,
        null,
        null,
        null,
        null,
        null,
        null,
        null,
        null,
        null,
        null,
        null,
        1,
        null,
        null
      ],
      "/Users/kevinmccarthy/Google Drive/Coding/cinemascrAPI/spec/models/google_movies_scrape_spec.rb": [
        1,
        null,
        1,
        null,
        5,
        null,
        1,
        1,
        1,
        null,
        null,
        null,
        1,
        1,
        3,
        3,
        null,
        null,
        null,
        3,
        null,
        null,
        1,
        1,
        null,
        null,
        1,
        11,
        null,
        null,
        1,
        1,
        1,
        null,
        null,
        null,
        null,
        null
      ],
      "/Users/kevinmccarthy/Google Drive/Coding/cinemascrAPI/app/models/google_movies_scrape.rb": [
        1,
        null,
        1,
        null,
        1,
        5,
        null,
        null,
        1,
        4,
        4,
        null,
        null,
        1,
        null,
        1,
        4,
        40,
        40,
        40,
        null,
        null,
        null,
        1,
        40,
        null,
        null,
        1,
        40,
        268,
        268,
        268,
        null,
        null,
        null,
        null,
        null
      ],
      "/Users/kevinmccarthy/Google Drive/Coding/cinemascrAPI/spec/models/movie_spec.rb": [
        1,
        null,
        1,
        1,
        null
      ],
      "/Users/kevinmccarthy/Google Drive/Coding/cinemascrAPI/app/models/movie.rb": [
        1,
        1,
        null,
        1,
        804,
        null,
        null,
        null
      ],
      "/Users/kevinmccarthy/Google Drive/Coding/cinemascrAPI/app/models/cinema.rb": [
        1,
        null,
        1,
        null,
        1,
        120,
        null,
        null,
        null,
        null
      ]
    },
    "timestamp": 1475339205
  }
}
